<?xml version="1.0" encoding="UTF-8"?>
<coverage generated="1495658121114" clover="3.2.0">
  <project timestamp="1495658121114" name="All files">
    <metrics statements="81" coveredstatements="69" conditionals="60" coveredconditionals="45" methods="32" coveredmethods="25" elements="173" coveredelements="139" complexity="0" loc="81" ncloc="81" packages="4" files="9" classes="9">
      <package name="components">
        <metrics statements="38" coveredstatements="31" conditionals="20" coveredconditionals="14" methods="23" coveredmethods="18"/>
        <file name="carousel.jsx" path="/Users/joseph/Source/my-retail/src/components/carousel.jsx">
          <metrics statements="15" coveredstatements="11" conditionals="10" coveredconditionals="6" methods="10" coveredmethods="7"/>
          <line num="7" count="2" type="stmt"/>
          <line num="8" count="2" type="stmt"/>
          <line num="13" count="2" type="stmt"/>
          <line num="14" count="2" type="stmt"/>
          <line num="20" count="2" type="stmt"/>
          <line num="21" count="1" type="stmt"/>
          <line num="23" count="2" type="stmt"/>
          <line num="24" count="1" type="stmt"/>
          <line num="28" count="0" type="cond" truecount="0" falsecount="2"/>
          <line num="29" count="0" type="stmt"/>
          <line num="39" count="6" type="stmt"/>
          <line num="56" count="1" type="stmt"/>
          <line num="61" count="0" type="stmt"/>
          <line num="70" count="0" type="stmt"/>
          <line num="74" count="1" type="stmt"/>
        </file>
        <file name="highlights.jsx" path="/Users/joseph/Source/my-retail/src/components/highlights.jsx">
          <metrics statements="3" coveredstatements="3" conditionals="0" coveredconditionals="0" methods="2" coveredmethods="2"/>
          <line num="7" count="2" type="stmt"/>
          <line num="8" count="2" type="stmt"/>
          <line num="14" count="20" type="stmt"/>
        </file>
        <file name="popup.jsx" path="/Users/joseph/Source/my-retail/src/components/popup.jsx">
          <metrics statements="1" coveredstatements="1" conditionals="0" coveredconditionals="0" methods="1" coveredmethods="1"/>
          <line num="6" count="2" type="stmt"/>
        </file>
        <file name="price.jsx" path="/Users/joseph/Source/my-retail/src/components/price.jsx">
          <metrics statements="2" coveredstatements="2" conditionals="0" coveredconditionals="0" methods="2" coveredmethods="2"/>
          <line num="7" count="2" type="stmt"/>
          <line num="16" count="4" type="stmt"/>
        </file>
        <file name="purchase.jsx" path="/Users/joseph/Source/my-retail/src/components/purchase.jsx">
          <metrics statements="10" coveredstatements="7" conditionals="10" coveredconditionals="8" methods="6" coveredmethods="4"/>
          <line num="6" count="6" type="stmt"/>
          <line num="7" count="6" type="stmt"/>
          <line num="11" count="6" type="stmt"/>
          <line num="12" count="0" type="stmt"/>
          <line num="16" count="6" type="stmt"/>
          <line num="17" count="0" type="cond" truecount="0" falsecount="2"/>
          <line num="18" count="0" type="stmt"/>
          <line num="23" count="6" type="cond" truecount="2" falsecount="0"/>
          <line num="24" count="6" type="cond" truecount="2" falsecount="0"/>
          <line num="28" count="6" type="stmt"/>
        </file>
        <file name="ratings.jsx" path="/Users/joseph/Source/my-retail/src/components/ratings.jsx">
          <metrics statements="7" coveredstatements="7" conditionals="0" coveredconditionals="0" methods="2" coveredmethods="2"/>
          <line num="8" count="6" type="stmt"/>
          <line num="9" count="6" type="stmt"/>
          <line num="10" count="20" type="stmt"/>
          <line num="12" count="6" type="stmt"/>
          <line num="13" count="10" type="stmt"/>
          <line num="15" count="6" type="stmt"/>
          <line num="19" count="2" type="stmt"/>
        </file>
      </package>
      <package name="pages">
        <metrics statements="3" coveredstatements="3" conditionals="0" coveredconditionals="0" methods="2" coveredmethods="2"/>
        <file name="itemListing.jsx" path="/Users/joseph/Source/my-retail/src/pages/itemListing.jsx">
          <metrics statements="3" coveredstatements="3" conditionals="0" coveredconditionals="0" methods="2" coveredmethods="2"/>
          <line num="12" count="2" type="stmt"/>
          <line num="13" count="2" type="stmt"/>
          <line num="16" count="2" type="stmt"/>
        </file>
      </package>
      <package name="services">
        <metrics statements="8" coveredstatements="3" conditionals="2" coveredconditionals="1" methods="4" coveredmethods="2"/>
        <file name="item.js" path="/Users/joseph/Source/my-retail/src/services/item.js">
          <metrics statements="8" coveredstatements="3" conditionals="2" coveredconditionals="1" methods="4" coveredmethods="2"/>
          <line num="5" count="1" type="stmt"/>
          <line num="11" count="1" type="cond" truecount="1" falsecount="1"/>
          <line num="12" count="1" type="stmt"/>
          <line num="14" count="0" type="stmt"/>
          <line num="15" count="0" type="stmt"/>
          <line num="16" count="0" type="stmt"/>
          <line num="17" count="0" type="stmt"/>
          <line num="23" count="0" type="stmt"/>
        </file>
      </package>
      <package name="utils">
        <metrics statements="32" coveredstatements="32" conditionals="38" coveredconditionals="30" methods="3" coveredmethods="3"/>
        <file name="processItem.js" path="/Users/joseph/Source/my-retail/src/utils/processItem.js">
          <metrics statements="32" coveredstatements="32" conditionals="38" coveredconditionals="30" methods="3" coveredmethods="3"/>
          <line num="1" count="2" type="stmt"/>
          <line num="2" count="4" type="stmt"/>
          <line num="22" count="4" type="cond" truecount="4" falsecount="0"/>
          <line num="23" count="3" type="stmt"/>
          <line num="24" count="3" type="stmt"/>
          <line num="26" count="3" type="cond" truecount="3" falsecount="1"/>
          <line num="27" count="3" type="stmt"/>
          <line num="29" count="3" type="cond" truecount="3" falsecount="1"/>
          <line num="30" count="21" type="stmt"/>
          <line num="34" count="3" type="cond" truecount="5" falsecount="1"/>
          <line num="35" count="3" type="stmt"/>
          <line num="37" count="3" type="cond" truecount="3" falsecount="1"/>
          <line num="38" count="6" type="stmt"/>
          <line num="41" count="3" type="cond" truecount="3" falsecount="1"/>
          <line num="42" count="3" type="stmt"/>
          <line num="45" count="3" type="stmt"/>
          <line num="47" count="3" type="cond" truecount="3" falsecount="1"/>
          <line num="48" count="3" type="stmt"/>
          <line num="49" count="3" type="stmt"/>
          <line num="51" count="3" type="cond" truecount="3" falsecount="1"/>
          <line num="52" count="3" type="stmt"/>
          <line num="53" count="3" type="stmt"/>
          <line num="54" count="3" type="stmt"/>
          <line num="55" count="3" type="stmt"/>
          <line num="56" count="3" type="stmt"/>
          <line num="58" count="3" type="cond" truecount="3" falsecount="1"/>
          <line num="59" count="3" type="stmt"/>
          <line num="60" count="3" type="stmt"/>
          <line num="61" count="3" type="stmt"/>
          <line num="62" count="3" type="stmt"/>
          <line num="63" count="3" type="stmt"/>
          <line num="67" count="4" type="stmt"/>
        </file>
      </package>
    </metrics>
  </project>
</coverage>
