TN:
SF:/Users/joseph/Source/my-retail/src/components/carousel.jsx
FN:6,(anonymous_0)
FN:13,(anonymous_1)
FN:20,(anonymous_2)
FN:23,(anonymous_3)
FN:27,(anonymous_4)
FN:38,(anonymous_5)
FN:56,(anonymous_6)
FN:61,(anonymous_7)
FN:70,(anonymous_8)
FN:74,(anonymous_9)
FNF:10
FNH:7
FNDA:2,(anonymous_0)
FNDA:2,(anonymous_1)
FNDA:1,(anonymous_2)
FNDA:1,(anonymous_3)
FNDA:0,(anonymous_4)
FNDA:6,(anonymous_5)
FNDA:1,(anonymous_6)
FNDA:0,(anonymous_7)
FNDA:0,(anonymous_8)
FNDA:1,(anonymous_9)
DA:7,2
DA:8,2
DA:13,2
DA:14,2
DA:20,2
DA:21,1
DA:23,2
DA:24,1
DA:28,0
DA:29,0
DA:39,6
DA:56,1
DA:61,0
DA:70,0
DA:74,1
LF:15
LH:11
BRDA:15,0,0,1
BRDA:15,0,1,1
BRDA:17,1,0,0
BRDA:17,1,1,2
BRDA:28,2,0,0
BRDA:28,2,1,0
BRDA:43,3,0,6
BRDA:43,3,1,0
BRDA:79,4,0,1
BRDA:79,4,1,5
BRF:10
BRH:6
end_of_record
TN:
SF:/Users/joseph/Source/my-retail/src/components/highlights.jsx
FN:6,(anonymous_0)
FN:13,(anonymous_1)
FNF:2
FNH:2
FNDA:2,(anonymous_0)
FNDA:20,(anonymous_1)
DA:7,2
DA:8,2
DA:14,20
LF:3
LH:3
BRF:0
BRH:0
end_of_record
TN:
SF:/Users/joseph/Source/my-retail/src/components/popup.jsx
FN:5,(anonymous_0)
FNF:1
FNH:1
FNDA:2,(anonymous_0)
DA:6,2
LF:1
LH:1
BRF:0
BRH:0
end_of_record
TN:
SF:/Users/joseph/Source/my-retail/src/components/price.jsx
FN:6,(anonymous_0)
FN:15,(anonymous_1)
FNF:2
FNH:2
FNDA:2,(anonymous_0)
FNDA:4,(anonymous_1)
DA:7,2
DA:16,4
LF:2
LH:2
BRF:0
BRH:0
end_of_record
TN:
SF:/Users/joseph/Source/my-retail/src/components/purchase.jsx
FN:6,(anonymous_0)
FN:12,(anonymous_1)
FN:17,(anonymous_2)
FN:24,(anonymous_3)
FN:25,(anonymous_4)
FN:28,(anonymous_5)
FNF:6
FNH:4
FNDA:6,(anonymous_0)
FNDA:0,(anonymous_1)
FNDA:0,(anonymous_2)
FNDA:6,(anonymous_3)
FNDA:6,(anonymous_4)
FNDA:6,(anonymous_5)
DA:7,6
DA:8,6
DA:12,6
DA:13,0
DA:17,6
DA:18,0
DA:19,0
DA:24,6
DA:25,6
DA:29,6
LF:10
LH:7
BRDA:18,0,0,0
BRDA:18,0,1,0
BRDA:24,1,0,6
BRDA:24,1,1,3
BRDA:25,2,0,6
BRDA:25,2,1,3
BRDA:41,3,0,4
BRDA:41,3,1,2
BRDA:46,4,0,4
BRDA:46,4,1,2
BRF:10
BRH:8
end_of_record
TN:
SF:/Users/joseph/Source/my-retail/src/components/ratings.jsx
FN:7,(anonymous_0)
FN:18,(anonymous_1)
FNF:2
FNH:2
FNDA:6,(anonymous_0)
FNDA:2,(anonymous_1)
DA:8,6
DA:9,6
DA:10,20
DA:12,6
DA:13,10
DA:15,6
DA:19,2
LF:7
LH:7
BRF:0
BRH:0
end_of_record
TN:
SF:/Users/joseph/Source/my-retail/src/components/tooltip.jsx
FN:6,(anonymous_0)
FNF:1
FNH:1
FNDA:1,(anonymous_0)
DA:7,1
DA:8,1
LF:2
LH:2
BRF:0
BRH:0
end_of_record
TN:
SF:/Users/joseph/Source/my-retail/src/pages/itemListing.jsx
FN:11,(anonymous_0)
FN:15,(anonymous_1)
FNF:2
FNH:2
FNDA:2,(anonymous_0)
FNDA:2,(anonymous_1)
DA:12,2
DA:13,2
DA:16,2
LF:3
LH:3
BRF:0
BRH:0
end_of_record
TN:
SF:/Users/joseph/Source/my-retail/src/services/item.js
FN:4,(anonymous_0)
FN:10,(anonymous_1)
FN:14,(anonymous_2)
FN:20,(anonymous_3)
FNF:4
FNH:4
FNDA:2,(anonymous_0)
FNDA:2,(anonymous_1)
FNDA:1,(anonymous_2)
FNDA:1,(anonymous_3)
DA:5,2
DA:11,2
DA:12,1
DA:14,1
DA:15,1
DA:16,1
DA:17,1
DA:23,1
LF:8
LH:8
BRDA:11,0,0,1
BRDA:11,0,1,1
BRF:2
BRH:2
end_of_record
TN:
SF:/Users/joseph/Source/my-retail/src/utils/processItem.js
FN:1,(anonymous_0)
FN:31,(anonymous_1)
FN:39,(anonymous_2)
FNF:3
FNH:3
FNDA:4,(anonymous_0)
FNDA:21,(anonymous_1)
FNDA:6,(anonymous_2)
DA:1,2
DA:2,4
DA:23,4
DA:24,3
DA:25,3
DA:27,3
DA:28,3
DA:30,3
DA:31,21
DA:35,3
DA:36,3
DA:38,3
DA:39,6
DA:42,3
DA:43,3
DA:46,3
DA:48,3
DA:49,3
DA:50,3
DA:52,3
DA:53,3
DA:54,3
DA:55,3
DA:56,3
DA:57,3
DA:59,3
DA:60,3
DA:61,3
DA:62,3
DA:63,3
DA:64,3
DA:67,3
DA:68,3
DA:71,4
LF:34
LH:34
BRDA:23,0,0,3
BRDA:23,0,1,1
BRDA:23,1,0,4
BRDA:23,1,1,3
BRDA:27,2,0,3
BRDA:27,2,1,0
BRDA:27,3,0,3
BRDA:27,3,1,3
BRDA:30,4,0,3
BRDA:30,4,1,0
BRDA:30,5,0,3
BRDA:30,5,1,3
BRDA:35,6,0,3
BRDA:35,6,1,0
BRDA:35,7,0,3
BRDA:35,7,1,3
BRDA:35,7,2,3
BRDA:35,7,3,3
BRDA:38,8,0,3
BRDA:38,8,1,0
BRDA:38,9,0,3
BRDA:38,9,1,3
BRDA:42,10,0,3
BRDA:42,10,1,0
BRDA:42,11,0,3
BRDA:42,11,1,3
BRDA:48,12,0,3
BRDA:48,12,1,0
BRDA:48,13,0,3
BRDA:48,13,1,3
BRDA:52,14,0,3
BRDA:52,14,1,0
BRDA:52,15,0,3
BRDA:52,15,1,3
BRDA:59,16,0,3
BRDA:59,16,1,0
BRDA:59,17,0,3
BRDA:59,17,1,3
BRDA:67,18,0,3
BRDA:67,18,1,0
BRDA:67,19,0,3
BRDA:67,19,1,3
BRF:42
BRH:33
end_of_record
