TN:
SF:/Users/joseph/Source/my-retail/src/components/carousel.jsx
FN:6,(anonymous_0)
FN:13,(anonymous_1)
FN:20,(anonymous_2)
FN:23,(anonymous_3)
FN:27,(anonymous_4)
FN:38,(anonymous_5)
FN:56,(anonymous_6)
FN:61,(anonymous_7)
FN:70,(anonymous_8)
FN:74,(anonymous_9)
FNF:10
FNH:7
FNDA:2,(anonymous_0)
FNDA:2,(anonymous_1)
FNDA:1,(anonymous_2)
FNDA:1,(anonymous_3)
FNDA:0,(anonymous_4)
FNDA:6,(anonymous_5)
FNDA:1,(anonymous_6)
FNDA:0,(anonymous_7)
FNDA:0,(anonymous_8)
FNDA:1,(anonymous_9)
DA:7,2
DA:8,2
DA:13,2
DA:14,2
DA:20,2
DA:21,1
DA:23,2
DA:24,1
DA:28,0
DA:29,0
DA:39,6
DA:56,1
DA:61,0
DA:70,0
DA:74,1
LF:15
LH:11
BRDA:15,0,0,1
BRDA:15,0,1,1
BRDA:17,1,0,0
BRDA:17,1,1,2
BRDA:28,2,0,0
BRDA:28,2,1,0
BRDA:43,3,0,6
BRDA:43,3,1,0
BRDA:79,4,0,1
BRDA:79,4,1,5
BRF:10
BRH:6
end_of_record
TN:
SF:/Users/joseph/Source/my-retail/src/components/highlights.jsx
FN:6,(anonymous_0)
FN:13,(anonymous_1)
FNF:2
FNH:2
FNDA:2,(anonymous_0)
FNDA:20,(anonymous_1)
DA:7,2
DA:8,2
DA:14,20
LF:3
LH:3
BRF:0
BRH:0
end_of_record
TN:
SF:/Users/joseph/Source/my-retail/src/components/popup.jsx
FN:5,(anonymous_0)
FNF:1
FNH:1
FNDA:2,(anonymous_0)
DA:6,2
LF:1
LH:1
BRF:0
BRH:0
end_of_record
TN:
SF:/Users/joseph/Source/my-retail/src/components/price.jsx
FN:6,(anonymous_0)
FN:15,(anonymous_1)
FNF:2
FNH:2
FNDA:2,(anonymous_0)
FNDA:4,(anonymous_1)
DA:7,2
DA:16,4
LF:2
LH:2
BRF:0
BRH:0
end_of_record
TN:
SF:/Users/joseph/Source/my-retail/src/components/purchase.jsx
FN:5,(anonymous_0)
FN:11,(anonymous_1)
FN:16,(anonymous_2)
FN:23,(anonymous_3)
FN:24,(anonymous_4)
FN:27,(anonymous_5)
FNF:6
FNH:4
FNDA:6,(anonymous_0)
FNDA:0,(anonymous_1)
FNDA:0,(anonymous_2)
FNDA:6,(anonymous_3)
FNDA:6,(anonymous_4)
FNDA:6,(anonymous_5)
DA:6,6
DA:7,6
DA:11,6
DA:12,0
DA:16,6
DA:17,0
DA:18,0
DA:23,6
DA:24,6
DA:28,6
LF:10
LH:7
BRDA:17,0,0,0
BRDA:17,0,1,0
BRDA:23,1,0,6
BRDA:23,1,1,3
BRDA:24,2,0,6
BRDA:24,2,1,3
BRDA:40,3,0,4
BRDA:40,3,1,2
BRDA:45,4,0,4
BRDA:45,4,1,2
BRF:10
BRH:8
end_of_record
TN:
SF:/Users/joseph/Source/my-retail/src/components/ratings.jsx
FN:7,(anonymous_0)
FN:18,(anonymous_1)
FNF:2
FNH:2
FNDA:6,(anonymous_0)
FNDA:2,(anonymous_1)
DA:8,6
DA:9,6
DA:10,20
DA:12,6
DA:13,10
DA:15,6
DA:19,2
LF:7
LH:7
BRF:0
BRH:0
end_of_record
TN:
SF:/Users/joseph/Source/my-retail/src/pages/itemListing.jsx
FN:11,(anonymous_0)
FN:15,(anonymous_1)
FNF:2
FNH:2
FNDA:2,(anonymous_0)
FNDA:2,(anonymous_1)
DA:12,2
DA:13,2
DA:16,2
LF:3
LH:3
BRF:0
BRH:0
end_of_record
TN:
SF:/Users/joseph/Source/my-retail/src/services/item.js
FN:4,(anonymous_0)
FN:10,(anonymous_1)
FN:14,(anonymous_2)
FN:20,(anonymous_3)
FNF:4
FNH:2
FNDA:1,(anonymous_0)
FNDA:1,(anonymous_1)
FNDA:0,(anonymous_2)
FNDA:0,(anonymous_3)
DA:5,1
DA:11,1
DA:12,1
DA:14,0
DA:15,0
DA:16,0
DA:17,0
DA:23,0
LF:8
LH:3
BRDA:11,0,0,1
BRDA:11,0,1,0
BRF:2
BRH:1
end_of_record
TN:
SF:/Users/joseph/Source/my-retail/src/utils/processItem.js
FN:1,(anonymous_0)
FN:30,(anonymous_1)
FN:38,(anonymous_2)
FNF:3
FNH:3
FNDA:4,(anonymous_0)
FNDA:21,(anonymous_1)
FNDA:6,(anonymous_2)
DA:1,2
DA:2,4
DA:22,4
DA:23,3
DA:24,3
DA:26,3
DA:27,3
DA:29,3
DA:30,21
DA:34,3
DA:35,3
DA:37,3
DA:38,6
DA:41,3
DA:42,3
DA:45,3
DA:47,3
DA:48,3
DA:49,3
DA:51,3
DA:52,3
DA:53,3
DA:54,3
DA:55,3
DA:56,3
DA:58,3
DA:59,3
DA:60,3
DA:61,3
DA:62,3
DA:63,3
DA:67,4
LF:32
LH:32
BRDA:22,0,0,3
BRDA:22,0,1,1
BRDA:22,1,0,4
BRDA:22,1,1,3
BRDA:26,2,0,3
BRDA:26,2,1,0
BRDA:26,3,0,3
BRDA:26,3,1,3
BRDA:29,4,0,3
BRDA:29,4,1,0
BRDA:29,5,0,3
BRDA:29,5,1,3
BRDA:34,6,0,3
BRDA:34,6,1,0
BRDA:34,7,0,3
BRDA:34,7,1,3
BRDA:34,7,2,3
BRDA:34,7,3,3
BRDA:37,8,0,3
BRDA:37,8,1,0
BRDA:37,9,0,3
BRDA:37,9,1,3
BRDA:41,10,0,3
BRDA:41,10,1,0
BRDA:41,11,0,3
BRDA:41,11,1,3
BRDA:47,12,0,3
BRDA:47,12,1,0
BRDA:47,13,0,3
BRDA:47,13,1,3
BRDA:51,14,0,3
BRDA:51,14,1,0
BRDA:51,15,0,3
BRDA:51,15,1,3
BRDA:58,16,0,3
BRDA:58,16,1,0
BRDA:58,17,0,3
BRDA:58,17,1,3
BRF:38
BRH:30
end_of_record
